<?xml version="1.0" encoding="UTF-8"?>
<!-- Generated by org.testng.reporters.JUnitReportReporter -->
<testsuite hostname="SOURAV-PC" failures="0" tests="1" name="com.comcast.contactTest.ContactTest" time="0.013" errors="0" timestamp="22 Sep 2021 08:49:27 GMT" skipped="0">
  <testcase classname="com.comcast.contactTest.ContactTest" name="createContactTest" time="0.013"/>
</testsuite> <!-- com.comcast.contactTest.ContactTest -->
